<?xml version="1.0" encoding="UTF-8"?>
<!-- Generated by org.testng.reporters.JUnitXMLReporter -->
<testsuite ignored="0" hostname="PG027YYZ" failures="0" tests="6" name="Default test" time="12.883" errors="0" timestamp="2023-12-11T18:36:56 IST">
  <testcase classname="Utils.BaseConfig" name="@BeforeClass BrowserAndURLaunch" time="12.73">
    <failure type="java.lang.NoSuchMethodError" message="&amp;apos;org.openqa.selenium.WebDriver$Timeouts org.openqa.selenium.WebDriver$Timeouts.implicitlyWait(java.time.Duration)&amp;apos;">
      <![CDATA[java.lang.NoSuchMethodError: 'org.openqa.selenium.WebDriver$Timeouts org.openqa.selenium.WebDriver$Timeouts.implicitlyWait(java.time.Duration)'
at Utils.BaseConfig.BrowserAndURLaunch(BaseConfig.java:28)
at java.base/jdk.internal.reflect.NativeMethodAccessorImpl.invoke0(Native Method)
at java.base/jdk.internal.reflect.NativeMethodAccessorImpl.invoke(NativeMethodAccessorImpl.java:77)
at java.base/jdk.internal.reflect.DelegatingMethodAccessorImpl.invoke(DelegatingMethodAccessorImpl.java:43)
at java.base/java.lang.reflect.Method.invoke(Method.java:568)
at org.testng.internal.MethodInvocationHelper.invokeMethod(MethodInvocationHelper.java:133)
at org.testng.internal.MethodInvocationHelper.invokeMethodConsideringTimeout(MethodInvocationHelper.java:62)
at org.testng.internal.ConfigInvoker.invokeConfigurationMethod(ConfigInvoker.java:385)
at org.testng.internal.ConfigInvoker.invokeConfigurations(ConfigInvoker.java:321)
at org.testng.internal.TestMethodWorker.invokeBeforeClassMethods(TestMethodWorker.java:176)
at org.testng.internal.TestMethodWorker.run(TestMethodWorker.java:122)
at java.base/java.util.ArrayList.forEach(ArrayList.java:1511)
at org.testng.TestRunner.privateRun(TestRunner.java:794)
at org.testng.TestRunner.run(TestRunner.java:596)
at org.testng.SuiteRunner.runTest(SuiteRunner.java:377)
at org.testng.SuiteRunner.runSequentially(SuiteRunner.java:371)
at org.testng.SuiteRunner.privateRun(SuiteRunner.java:332)
at org.testng.SuiteRunner.run(SuiteRunner.java:276)
at org.testng.SuiteRunnerWorker.runSuite(SuiteRunnerWorker.java:53)
at org.testng.SuiteRunnerWorker.run(SuiteRunnerWorker.java:96)
at org.testng.TestNG.runSuitesSequentially(TestNG.java:1212)
at org.testng.TestNG.runSuitesLocally(TestNG.java:1134)
at org.testng.TestNG.runSuites(TestNG.java:1063)
at org.testng.TestNG.run(TestNG.java:1031)
at org.testng.remote.AbstractRemoteTestNG.run(AbstractRemoteTestNG.java:115)
at org.testng.remote.RemoteTestNG.initAndRun(RemoteTestNG.java:251)
at org.testng.remote.RemoteTestNG.main(RemoteTestNG.java:77)
]]>
    </failure>
  </testcase> <!-- @BeforeClass BrowserAndURLaunch -->
  <testcase classname="AutomationTestMethods.execution" name="login" time="0.0">
    <skipped/>
  </testcase> <!-- login -->
  <testcase classname="AutomationTestMethods.execution" name="CorrectEmailAndPassword" time="0.0">
    <skipped/>
  </testcase> <!-- CorrectEmailAndPassword -->
  <testcase classname="AutomationTestMethods.execution" name="inCorrectEmailAndPassword" time="0.0">
    <skipped/>
  </testcase> <!-- inCorrectEmailAndPassword -->
  <testcase classname="AutomationTestMethods.execution" name="logout" time="0.0">
    <skipped/>
  </testcase> <!-- logout -->
  <testcase classname="AutomationTestMethods.execution" name="existingUser" time="0.0">
    <skipped/>
  </testcase> <!-- existingUser -->
  <testcase classname="AutomationTestMethods.execution" name="contactUsForm" time="0.0">
    <skipped/>
  </testcase> <!-- contactUsForm -->
</testsuite> <!-- Default test -->
